<?xml version="1.0" encoding="UTF-8"?>
<!-- Generated by org.testng.reporters.JUnitXMLReporter -->
<testsuite hostname="DESKTOP-H9D33OG" ignored="0" tests="6" failures="0" timestamp="02 Apr 2019 15:45:53 GMT" time="23.185" errors="0">
  <testcase name="successfulLogin" time="2.531" classname="LoginPage"/>
  <testcase name="unsuccessfulLoginIncorrectEmail" time="2.335" classname="LoginPage"/>
  <testcase name="unsuccessfulLoginIncorrectPw" time="2.341" classname="LoginPage"/>
  <testcase name="unsuccessfulLoginIncorrectPw" time="2.34" classname="LoginPage"/>
  <testcase name="unsuccessfulLoginIncorrectPw3Times" time="2.45" classname="LoginPage"/>
  <testcase name="unsuccessfulLoginIncorrectPw4Times" time="2.373" classname="LoginPage"/>
</testsuite>
